image-view/build/outputs/logs/manifest-merger-debug-report.txt
-- Merging decision tree log ---
manifest
ADDED from src\main\AndroidManifest.xml:3:1-32:12
INJECTED from src\main\AndroidManifest.xml:3:1-32:12
INJECTED from src\main\AndroidManifest.xml:3:1-32:12
INJECTED from src\main\AndroidManifest.xml:3:1-32:12
MERGED from [com.android.support:appcompat-v7:25.4.0] AndroidManifest.xml:17:1-31:12
MERGED from [com.android.support:animated-vector-drawable:25.4.0] AndroidManifest.xml:17:1-28:12
MERGED from [com.android.support:support-vector-drawable:25.4.0] AndroidManifest.xml:17:1-28:12
MERGED from [com.android.support:support-v4:25.4.0] AndroidManifest.xml:17:1-31:12
MERGED from [com.android.support:support-fragment:25.4.0] AndroidManifest.xml:17:1-31:12
MERGED from [com.android.support:support-media-compat:25.4.0] AndroidManifest.xml:17:1-31:12
MERGED from [com.android.support:support-core-utils:25.4.0] AndroidManifest.xml:17:1-31:12
MERGED from [com.android.support:support-core-ui:25.4.0] AndroidManifest.xml:17:1-31:12
MERGED from [com.android.support:support-compat:25.4.0] AndroidManifest.xml:17:1-31:12
INJECTED from src\main\AndroidManifest.xml:3:1-32:12
INJECTED from src\main\AndroidManifest.xml:3:1-32:12
INJECTED from src\main\AndroidManifest.xml:3:1-32:12
	package
		ADDED from src\main\AndroidManifest.xml:4:11-42
		INJECTED from src\main\AndroidManifest.xml
		INJECTED from src\main\AndroidManifest.xml
	android:versionName
		ADDED from src\main\AndroidManifest.xml:6:11-36
		INJECTED from src\main\AndroidManifest.xml
		INJECTED from src\main\AndroidManifest.xml
	xmlns:android
		ADDED from src\main\AndroidManifest.xml:3:11-69
	android:versionCode
		ADDED from src\main\AndroidManifest.xml:5:11-34
		INJECTED from src\main\AndroidManifest.xml
		INJECTED from src\main\AndroidManifest.xml
uses-feature#0x00030002
ADDED from src\main\AndroidManifest.xml:7:3-76
	android:glEsVersion
		ADDED from src\main\AndroidManifest.xml:7:17-49
	android:required
		ADDED from src\main\AndroidManifest.xml:7:50-73
application
ADDED from src\main\AndroidManifest.xml:9:3-30:17
MERGED from [com.android.support:appcompat-v7:25.4.0] AndroidManifest.xml:25:5-29:19
MERGED from [com.android.support:appcompat-v7:25.4.0] AndroidManifest.xml:25:5-29:19
MERGED from [com.android.support:animated-vector-drawable:25.4.0] AndroidManifest.xml:22:5-26:19
MERGED from [com.android.support:animated-vector-drawable:25.4.0] AndroidManifest.xml:22:5-26:19
MERGED from [com.android.support:support-vector-drawable:25.4.0] AndroidManifest.xml:22:5-26:19
MERGED from [com.android.support:support-vector-drawable:25.4.0] AndroidManifest.xml:22:5-26:19
MERGED from [com.android.support:support-v4:25.4.0] AndroidManifest.xml:25:5-29:19
MERGED from [com.android.support:support-v4:25.4.0] AndroidManifest.xml:25:5-29:19
MERGED from [com.android.support:support-fragment:25.4.0] AndroidManifest.xml:25:5-29:19
MERGED from [com.android.support:support-fragment:25.4.0] AndroidManifest.xml:25:5-29:19
MERGED from [com.android.support:support-media-compat:25.4.0] AndroidManifest.xml:25:5-29:19
MERGED from [com.android.support:support-media-compat:25.4.0] AndroidManifest.xml:25:5-29:19
MERGED from [com.android.support:support-core-utils:25.4.0] AndroidManifest.xml:25:5-29:19
MERGED from [com.android.support:support-core-utils:25.4.0] AndroidManifest.xml:25:5-29:19
MERGED from [com.android.support:support-core-ui:25.4.0] AndroidManifest.xml:25:5-29:19
MERGED from [com.android.support:support-core-ui:25.4.0] AndroidManifest.xml:25:5-29:19
MERGED from [com.android.support:support-compat:25.4.0] AndroidManifest.xml:25:5-29:19
MERGED from [com.android.support:support-compat:25.4.0] AndroidManifest.xml:25:5-29:19
	android:label
		ADDED from src\main\AndroidManifest.xml:13:7-39
	android:fullBackupContent
		ADDED from src\main\AndroidManifest.xml:11:7-40
	android:icon
		ADDED from src\main\AndroidManifest.xml:12:7-41
	android:allowBackup
		ADDED from src\main\AndroidManifest.xml:10:7-34
activity#com.example.widecolor.WideColorActivity
ADDED from src\main\AndroidManifest.xml:17:5-29:16
	android:screenOrientation
		ADDED from src\main\AndroidManifest.xml:20:15-58
	android:label
		ADDED from src\main\AndroidManifest.xml:18:15-47
	android:configChanges
		ADDED from src\main\AndroidManifest.xml:21:15-65
	android:theme
		ADDED from src\main\AndroidManifest.xml:19:15-73
	android:name
		ADDED from src\main\AndroidManifest.xml:17:15-48
meta-data#android.app.lib_name
ADDED from src\main\AndroidManifest.xml:23:7-24:52
	android:value
		ADDED from src\main\AndroidManifest.xml:24:18-49
	android:name
		ADDED from src\main\AndroidManifest.xml:23:18-53
intent-filter#action:name:android.intent.action.MAIN+category:name:android.intent.category.LAUNCHER
ADDED from src\main\AndroidManifest.xml:25:7-28:23
action#android.intent.action.MAIN
ADDED from src\main\AndroidManifest.xml:26:9-61
	android:name
		ADDED from src\main\AndroidManifest.xml:26:17-58
category#android.intent.category.LAUNCHER
ADDED from src\main\AndroidManifest.xml:27:9-69
	android:name
		ADDED from src\main\AndroidManifest.xml:27:19-66
uses-sdk
INJECTED from src\main\AndroidManifest.xml reason: use-sdk injection requested
INJECTED from src\main\AndroidManifest.xml
INJECTED from src\main\AndroidManifest.xml
MERGED from [com.android.support:appcompat-v7:25.4.0] AndroidManifest.xml:21:5-23:78
MERGED from [com.android.support:appcompat-v7:25.4.0] AndroidManifest.xml:21:5-23:78
MERGED from [com.android.support:animated-vector-drawable:25.4.0] AndroidManifest.xml:20:5-44
MERGED from [com.android.support:animated-vector-drawable:25.4.0] AndroidManifest.xml:20:5-44
MERGED from [com.android.support:support-vector-drawable:25.4.0] AndroidManifest.xml:20:5-43
MERGED from [com.android.support:support-vector-drawable:25.4.0] AndroidManifest.xml:20:5-43
MERGED from [com.android.support:support-v4:25.4.0] AndroidManifest.xml:21:5-23:54
MERGED from [com.android.support:support-v4:25.4.0] AndroidManifest.xml:21:5-23:54
MERGED from [com.android.support:support-fragment:25.4.0] AndroidManifest.xml:21:5-23:60
MERGED from [com.android.support:support-fragment:25.4.0] AndroidManifest.xml:21:5-23:60
MERGED from [com.android.support:support-media-compat:25.4.0] AndroidManifest.xml:21:5-23:63
MERGED from [com.android.support:support-media-compat:25.4.0] AndroidManifest.xml:21:5-23:63
MERGED from [com.android.support:support-core-utils:25.4.0] AndroidManifest.xml:21:5-23:61
MERGED from [com.android.support:support-core-utils:25.4.0] AndroidManifest.xml:21:5-23:61
MERGED from [com.android.support:support-core-ui:25.4.0] AndroidManifest.xml:21:5-23:58
MERGED from [com.android.support:support-core-ui:25.4.0] AndroidManifest.xml:21:5-23:58
MERGED from [com.android.support:support-compat:25.4.0] AndroidManifest.xml:21:5-23:58
MERGED from [com.android.support:support-compat:25.4.0] AndroidManifest.xml:21:5-23:58
INJECTED from src\main\AndroidManifest.xml
INJECTED from src\main\AndroidManifest.xml
	tools:overrideLibrary
		ADDED from [com.android.support:appcompat-v7:25.4.0] AndroidManifest.xml:23:9-75
	android:targetSdkVersion
		INJECTED from src\main\AndroidManifest.xml
		ADDED from src\main\AndroidManifest.xml
		INJECTED from src\main\AndroidManifest.xml
	android:minSdkVersion
		INJECTED from src\main\AndroidManifest.xml
		ADDED from src\main\AndroidManifest.xml
		INJECTED from src\main\AndroidManifest.xml
meta-data#android.support.VERSION
ADDED from [com.android.support:appcompat-v7:25.4.0] AndroidManifest.xml:26:9-28:38
MERGED from [com.android.support:animated-vector-drawable:25.4.0] AndroidManifest.xml:23:9-25:38
MERGED from [com.android.support:animated-vector-drawable:25.4.0] AndroidManifest.xml:23:9-25:38
MERGED from [com.android.support:support-vector-drawable:25.4.0] AndroidManifest.xml:23:9-25:38
MERGED from [com.android.support:support-vector-drawable:25.4.0] AndroidManifest.xml:23:9-25:38
MERGED from [com.android.support:support-v4:25.4.0] AndroidManifest.xml:26:9-28:38
MERGED from [com.android.support:support-v4:25.4.0] AndroidManifest.xml:26:9-28:38
MERGED from [com.android.support:support-fragment:25.4.0] AndroidManifest.xml:26:9-28:38
MERGED from [com.android.support:support-fragment:25.4.0] AndroidManifest.xml:26:9-28:38
MERGED from [com.android.support:support-media-compat:25.4.0] AndroidManifest.xml:26:9-28:38
MERGED from [com.android.support:support-media-compat:25.4.0] AndroidManifest.xml:26:9-28:38
MERGED from [com.android.support:support-core-utils:25.4.0] AndroidManifest.xml:26:9-28:38
MERGED from [com.android.support:support-core-utils:25.4.0] AndroidManifest.xml:26:9-28:38
MERGED from [com.android.support:support-core-ui:25.4.0] AndroidManifest.xml:26:9-28:38
MERGED from [com.android.support:support-core-ui:25.4.0] AndroidManifest.xml:26:9-28:38
MERGED from [com.android.support:support-compat:25.4.0] AndroidManifest.xml:26:9-28:38
MERGED from [com.android.support:support-compat:25.4.0] AndroidManifest.xml:26:9-28:38
	android:value
		ADDED from [com.android.support:appcompat-v7:25.4.0] AndroidManifest.xml:28:13-35
	android:name
		ADDED from [com.android.support:appcompat-v7:25.4.0] AndroidManifest.xml:27:13-51